<?xml version="1.0" encoding="UTF-8"?>
<robot generator="Robot 7.0.1 (Python 3.12.3 on win32)" generated="2024-08-15T21:10:11.953543" rpa="false" schemaversion="5">
<suite id="s1" name="Tests" source="C:\Users\leopo\robot-framework-api\tests">
<suite id="s1-s1" name="Init" source="C:\Users\leopo\robot-framework-api\tests\init.robot">
<test id="s1-s1-t1" name="Teste 01" line="2">
<kw name="Log" owner="BuiltIn">
<msg time="2024-08-15T21:10:12.036363" level="INFO">Hello, world!</msg>
<arg>Hello, world!</arg>
<doc>Logs the given message with the given level.</doc>
<status status="PASS" start="2024-08-15T21:10:12.035367" elapsed="0.000996"/>
</kw>
<kw name="Should Be Equal" owner="BuiltIn">
<arg>Teste</arg>
<arg>Teste</arg>
<doc>Fails if the given objects are unequal.</doc>
<status status="PASS" start="2024-08-15T21:10:12.037364" elapsed="0.000000"/>
</kw>
<status status="PASS" start="2024-08-15T21:10:12.034366" elapsed="0.003998"/>
</test>
<status status="PASS" start="2024-08-15T21:10:12.029363" elapsed="0.011319"/>
</suite>
<status status="PASS" start="2024-08-15T21:10:11.956542" elapsed="0.086148"/>
</suite>
<statistics>
<total>
<stat pass="1" fail="0" skip="0">All Tests</stat>
</total>
<tag>
</tag>
<suite>
<stat pass="1" fail="0" skip="0" id="s1" name="Tests">Tests</stat>
<stat pass="1" fail="0" skip="0" id="s1-s1" name="Init">Tests.Init</stat>
</suite>
</statistics>
<errors>
</errors>
</robot>
